   SW   perc perc perc  query                  position in query        matching  repeat           position in repeat
score   div. del. ins.  sequence               begin  end      (left)   repeat    class/family   begin  end    (left)  ID

 2127   25.8 10.7  6.7  humanmhc3.fa_1_150000      41    363 (149637) C L2a       LINE/L2         (132)   3294   2934   1  
 2083   10.8  2.7  0.0  humanmhc3.fa_1_150000     364    659 (149341) + AluY      SINE/Alu            5    308    (3)   2  
 2127   21.7 13.1  8.8  humanmhc3.fa_1_150000     660    950 (149050) C L2a       LINE/L2         (486)   2933   2629   1  
 2844    1.6  0.0  0.0  humanmhc3.fa_1_150000     951   1255 (148745) C AluYb8    SINE/Alu         (13)    305      1   3  
 2127   21.7 13.1  8.8  humanmhc3.fa_1_150000    1256   1699 (148301) C L2a       LINE/L2         (791)   2628   2166   1  
 1792   16.6  0.3  0.3  humanmhc3.fa_1_150000    1776   2071 (147929) C AluJb     SINE/Alu          (8)    304      9   4  
  476   23.4  5.9  5.9  humanmhc3.fa_1_150000    2916   3101 (146899) + L1ME3E    LINE/L1            37    222  (767)   5  
 2134   10.7  3.3  1.3  humanmhc3.fa_1_150000    3327   3629 (146371) + AluSx     SINE/Alu            3    311    (1)   6  
  921   18.0  0.6  2.3  humanmhc3.fa_1_150000    3674   3844 (146156) + FRAM      SINE/Alu            1    160   (16)   7  
 2177   22.1  4.5  2.8  humanmhc3.fa_1_150000    3961   4057 (145943) + L1MC4     LINE/L1          7457   7555  (487)   8  
 1999   10.5  5.9  0.3  humanmhc3.fa_1_150000    4058   4343 (145657) + AluSq     SINE/Alu            1    302   (11)   9  
 2177   22.1  4.5  2.8  humanmhc3.fa_1_150000    4344   4821 (145179) + L1MC4     LINE/L1          7556   8042    (0)   8  
  261    0.0  0.0  0.0  humanmhc3.fa_1_150000    5957   5985 (144015) + (CTG)n    Simple_repeat       2     30    (0)  10  
  301   27.1  4.1  3.5  humanmhc3.fa_1_150000    6879   7023 (142977) + GA-rich   Low_complexity      2    147    (0)  11  
  448   31.2  3.2  2.3  humanmhc3.fa_1_150000    7853   8072 (141928) + MIR       SINE/MIR            8    229   (33)  12  
  202   24.6  2.9  5.8  humanmhc3.fa_1_150000   10451  10519 (139481) + MER91C    DNA/Tip100          3     69   (71)  13  
  913   22.0  3.1  0.0  humanmhc3.fa_1_150000   10848  11038 (138962) C MIRb      SINE/MIR         (21)    247     51  14  
  734   25.5  1.0  1.0  humanmhc3.fa_1_150000   12243  12440 (137560) C MIR       SINE/MIR          (1)    261     64  15  
  356   33.0 13.7  2.5  humanmhc3.fa_1_150000   13194  13440 (136560) C L2c       LINE/L2           (6)   3381   3106  16  
 2296    9.8  0.0  1.3  humanmhc3.fa_1_150000   13441  13576 (136424) + AluSx     SINE/Alu            1    135  (177)  17  
 2088    9.3  0.0  0.0  humanmhc3.fa_1_150000   13577  13845 (136155) + AluY      SINE/Alu           35    303    (8)  18  
 2296    9.8  0.0  1.3  humanmhc3.fa_1_150000   13846  14007 (135993) + AluSx     SINE/Alu          136    295   (17)  17  
  356   33.0 13.7  2.5  humanmhc3.fa_1_150000   14008  14036 (135964) C L2c       LINE/L2         (282)   3105   3074  16  
  265   28.8  6.5  9.4  humanmhc3.fa_1_150000   14901  14926 (135074) C L2b       LINE/L2           (2)   3373   3348  19  
 2102   10.6  0.7  3.3  humanmhc3.fa_1_150000   14927  15229 (134771) + AluSx     SINE/Alu            1    295   (17)  20  
  265   28.8  6.5  9.4  humanmhc3.fa_1_150000   15230  15340 (134660) C L2b       LINE/L2          (28)   3347   3240  19  
  456    6.7  0.0  0.0  humanmhc3.fa_1_150000   15363  15422 (134578) + (TA)n     Simple_repeat       2     61    (0)  21  
  243   23.5  2.0  0.0  humanmhc3.fa_1_150000   15964  16014 (133986) + GA-rich   Low_complexity      3     54    (0)  22  
  897   19.8 10.8  1.0  humanmhc3.fa_1_150000   16298  16491 (133509) + AluJb     SINE/Alu           82    294   (18)  23  
 2054   10.4  2.1  3.1  humanmhc3.fa_1_150000   18245  18581 (131419) C AluSx     SINE/Alu          (0)    312      1  24  
 2035   11.8  0.0  0.4  humanmhc3.fa_1_150000   18602  18911 (131089) C AluSg     SINE/Alu          (0)    310      1  25  
  461   35.7  7.9  2.7  humanmhc3.fa_1_150000   19236  19718 (130282) + L2        LINE/L2          2573   3080  (339)  26  
 2205   11.8  4.5  5.2  humanmhc3.fa_1_150000   19919  19980 (130020) C L1MA4     LINE/L1           (0)   6300   6239  27  
 2091   13.1  1.0  0.3  humanmhc3.fa_1_150000   19981  20287 (129713) C AluSx     SINE/Alu          (1)    311      3  28  
 2205   11.8  4.5  5.2  humanmhc3.fa_1_150000   20288  20625 (129375) C L1MA4     LINE/L1          (62)   6238   5903  27  
 3660   12.6  5.0  1.7  humanmhc3.fa_1_150000   20712  21131 (128869) C L1MA4     LINE/L1         (380)   5920   5486  27  
 2031   15.1  0.0  1.3  humanmhc3.fa_1_150000   21132  21439 (128561) C AluSx     SINE/Alu          (8)    304      1  29  
 3660   13.4  3.3  2.1  humanmhc3.fa_1_150000   21440  21859 (128141) C L1MA4     LINE/L1         (815)   5485   5051  27  
 1778   10.5  0.0  0.8  humanmhc3.fa_1_150000   21866  22106 (127894) C AluSg     SINE/Alu         (10)    300     62  30  
 6145   12.2  3.2  2.5  humanmhc3.fa_1_150000   22147  22228 (127772) C L1MA4     LINE/L1        (1098)   5045   4963  27  
 2168   11.2  0.0  4.7  humanmhc3.fa_1_150000   22229  22546 (127454) C AluSx     SINE/Alu          (9)    303      1  31  
 6145   12.2  3.2  2.5  humanmhc3.fa_1_150000   22547  22659 (127341) C L1MA4     LINE/L1        (1181)   4962   4849  27  
 2409    8.8  0.7  0.3  humanmhc3.fa_1_150000   22660  22968 (127032) + AluSg     SINE/Alu            1    310    (0)  32  
 6145   12.2  3.2  2.5  humanmhc3.fa_1_150000   22969  23828 (126172) C L1MA4     LINE/L1        (1295)   4848   3982  27  
 2236   10.2  0.0  3.0  humanmhc3.fa_1_150000   23841  24142 (125858) C AluSx     SINE/Alu         (19)    293      1  33  
 2522    8.4  0.0  0.0  humanmhc3.fa_1_150000   24313  24622 (125378) C AluSg     SINE/Alu          (0)    310      1  34  
  458   22.9  5.3  2.2  humanmhc3.fa_1_150000   24829  24998 (125002) + MIRb      SINE/MIR            1    164   (44)  35  
 2326    8.4  0.7  0.0  humanmhc3.fa_1_150000   26687  26972 (123028) + AluSp     SINE/Alu            1    288   (25)  36  
   22    0.0  0.0  0.0  humanmhc3.fa_1_150000   26973  26994 (123006) + AT_rich   Low_complexity      1     22    (0)  37  
 2439    8.0  0.3  0.0  humanmhc3.fa_1_150000   29382  29680 (120320) + AluY      SINE/Alu            1    300   (11)  38  
  564   18.3  4.0  9.1  humanmhc3.fa_1_150000   29688  29774 (120226) C MIR       SINE/MIR         (22)    246    159  39  
 1355   11.2  7.9  0.0  humanmhc3.fa_1_150000   29775  29989 (120011) C Tigger4a  DNA/MER2_type     (2)    234      3  40  
 1890   15.9  0.7  2.3  humanmhc3.fa_1_150000   29990  30158 (119842) C AluSx     SINE/Alu          (8)    304    137  41  
  215    3.1  0.0  3.0  humanmhc3.fa_1_150000   30159  30191 (119809) + (TTTTG)n  Simple_repeat       3     34    (0)  42  
 2310    9.2  0.0  0.0  humanmhc3.fa_1_150000   30192  30472 (119528) C AluY      SINE/Alu         (30)    281      1  43  
 1890   15.9  0.7  2.3  humanmhc3.fa_1_150000   30473  30610 (119390) C AluSx     SINE/Alu        (176)    136      1  41  
  564   20.4  3.9  8.3  humanmhc3.fa_1_150000   30611  30734 (119266) C MIR       SINE/MIR        (108)    160     39  39  
  921   17.3  5.5  1.1  humanmhc3.fa_1_150000   31591  31771 (118229) + MER5A     DNA/MER1_type       1    189    (0)  44  
 2650    5.2  0.0  0.0  humanmhc3.fa_1_150000   31775  32082 (117918) + AluY      SINE/Alu            1    308    (3)  45  
  340   13.0  1.9  0.0  humanmhc3.fa_1_150000   34844  34897 (115103) C L2a       LINE/L2          (13)   3413   3359  46  
 2100   14.4  3.6  0.6  humanmhc3.fa_1_150000   35271  35599 (114401) + MER1B     DNA/MER1_type       1    339    (0)  47  
  365   23.1 20.8  1.3  humanmhc3.fa_1_150000   35787  35935 (114065) C MIR       SINE/MIR         (24)    238     61  48  
  770   16.9  1.5  0.0  humanmhc3.fa_1_150000   36109  36238 (113762) C AluJb     SINE/Alu          (5)    307    176  49  
 2188   11.6  0.3  0.3  humanmhc3.fa_1_150000   36374  36677 (113323) C AluSx     SINE/Alu          (8)    304      1  50  
  216   28.3  0.0  0.0  humanmhc3.fa_1_150000   36719  36771 (113229) C L2a       LINE/L2           (6)   3420   3368  51  
  315   33.1  0.0  3.8  humanmhc3.fa_1_150000   39516  39647 (110353) + C-rich    Low_complexity      3    129    (0)  52  
  237   11.9  3.3  3.3  humanmhc3.fa_1_150000   39653  39713 (110287) + CT-rich   Low_complexity      3     63    (0)  53  
   21    5.7  0.0  0.0  humanmhc3.fa_1_150000   39997  40031 (109969) + GC_rich   Low_complexity      1     35    (0)  54  
  589   16.7 10.6  2.4  humanmhc3.fa_1_150000   42299  42421 (107579) + FLAM_A    SINE/Alu            1    133    (0)  55  
  243    7.9  0.0  0.0  humanmhc3.fa_1_150000   44228  44265 (105735) + (TTG)n    Simple_repeat       1     38    (0)  56  
  180    0.0  0.0  0.0  humanmhc3.fa_1_150000   44266  44285 (105715) + (TGG)n    Simple_repeat       3     22    (0)  57  
 2233    9.4  0.3  5.1  humanmhc3.fa_1_150000   47860  48172 (101828) + AluSp     SINE/Alu            1    298   (15)  58  
  313   28.9  5.1  2.6  humanmhc3.fa_1_150000   55671  55787  (94213) C L2c       LINE/L2           (4)   3383   3264  59  
  365   17.2  1.6  0.0  humanmhc3.fa_1_150000   55817  55880  (94120) C MER5A     DNA/MER1_type     (0)    189    125  60  
  654   17.8  0.0  0.0  humanmhc3.fa_1_150000   55881  55987  (94013) + FLAM_C    SINE/Alu            1    107   (36)  61  
  507   17.7  0.0  0.0  humanmhc3.fa_1_150000   55993  56071  (93929) C MER5A     DNA/MER1_type    (51)    138     60  60  
  348   27.3  4.6  1.2  humanmhc3.fa_1_150000   56157  56316  (93684) C L2c       LINE/L2         (276)   3099   2935  59  
 2449    8.4  0.0  0.0  humanmhc3.fa_1_150000   57563  57860  (92140) C AluSg     SINE/Alu         (12)    298      1  62  
  204   14.3  0.0  0.0  humanmhc3.fa_1_150000   58421  58462  (91538) + (CTG)n    Simple_repeat       3     44    (0)  63  
 1237   11.2  0.0  2.7  humanmhc3.fa_1_150000   64072  64254  (85746) C AluSp     SINE/Alu          (2)    311    134  64  
  189    0.0  0.0  0.0  humanmhc3.fa_1_150000   64255  64275  (85725) + (TTTTG)n  Simple_repeat       5     25    (0)  65  
 2309    7.7  0.6  1.9  humanmhc3.fa_1_150000   64306  64621  (85379) C AluSx     SINE/Alu          (0)    312      1  66  
 2162    9.0  0.4  0.7  humanmhc3.fa_1_150000   64678  64990  (85010) + AluSg     SINE/Alu            1    310    (0)  67  
 2114   14.4  0.0  0.0  humanmhc3.fa_1_150000   67369  67680  (82320) + AluSx     SINE/Alu            1    312    (0)  68  
 1117    6.1  0.0  0.0  humanmhc3.fa_1_150000   67871  68002  (81998) + AluSq/x   SINE/Alu            1    132  (180)  69  
 2238    8.5  1.7  0.0  humanmhc3.fa_1_150000   68005  68297  (81703) + AluSx     SINE/Alu            1    298   (14)  70  
 2178    9.4  0.7  0.0  humanmhc3.fa_1_150000   68300  68575  (81425) + AluSq     SINE/Alu            1    278   (35)  71  
  180    0.0  0.0  0.0  humanmhc3.fa_1_150000   68580  68599  (81401) + (CAAA)n   Simple_repeat       1     20    (0)  72  
  476   23.0  0.6  5.1  humanmhc3.fa_1_150000   68769  68884  (81116) + L1MC4     LINE/L1          7894   8005   (37)  73  
 1927   11.9  4.1  0.0  humanmhc3.fa_1_150000   68885  69152  (80848) C AluJb     SINE/Alu         (14)    298     20  74  
  476   23.0  0.6  5.1  humanmhc3.fa_1_150000   69153  69191  (80809) + L1MC4     LINE/L1          8006   8042    (0)  73  
 2168    9.8  1.7  0.0  humanmhc3.fa_1_150000   69205  69499  (80501) C AluSx     SINE/Alu         (12)    300      1  75  
 2354    6.3  0.0  0.7  humanmhc3.fa_1_150000   69544  69832  (80168) + AluY      SINE/Alu            1    287   (24)  76  
 2279   10.6  0.3  0.3  humanmhc3.fa_1_150000   69869  70171  (79829) + AluY      SINE/Alu            1    303    (8)  77  
  508   24.1  8.2 11.6  humanmhc3.fa_1_150000   70307  70380  (79620) + L2b       LINE/L2          2824   2895  (524)  78  
  924   15.0  4.8  4.8  humanmhc3.fa_1_150000   70381  70414  (79586) + L1MB3     LINE/L1          5973   6007  (176)  79  
  198    0.0  0.0  0.0  humanmhc3.fa_1_150000   70415  70436  (79564) + (TA)n     Simple_repeat       2     23    (0)  80  
 2429    8.3  0.7  0.0  humanmhc3.fa_1_150000   70437  70736  (79264) C AluSp     SINE/Alu         (11)    302      1  81  
  924   15.0  4.8  4.8  humanmhc3.fa_1_150000   70737  70910  (79090) + L1MB3     LINE/L1          6008   6182    (1)  79  
  672   29.5  8.9  6.3  humanmhc3.fa_1_150000   70911  71379  (78621) + L2b       LINE/L2          2896   3365   (10)  78  
  690   18.2  7.7  0.0  humanmhc3.fa_1_150000   71578  71720  (78280) + L1MC4a    LINE/L1          7723   7876    (6)  82  
 2029   12.2  2.9  0.0  humanmhc3.fa_1_150000   72377  72654  (77346) + AluSx     SINE/Alu            1    286   (26)  83  
 1938   13.6  1.4  1.4  humanmhc3.fa_1_150000   72698  72989  (77011) C AluSx     SINE/Alu         (19)    293      2  84  
  736   25.6  8.6  1.4  humanmhc3.fa_1_150000   73000  73209  (76791) C MIR       SINE/MIR         (11)    251     27  85  
 2317    9.5  0.3  0.0  humanmhc3.fa_1_150000   73484  73778  (76222) + AluSx     SINE/Alu            1    296   (16)  86  
  213   10.8  0.0  0.0  humanmhc3.fa_1_150000   74271  74307  (75693) + (CA)n     Simple_repeat       1     37    (0)  87  
  250   29.2  2.8  5.5  humanmhc3.fa_1_150000   74308  74443  (75557) C MIRc      SINE/MIR        (125)    143     11  88  
  225   16.3  0.0  0.0  humanmhc3.fa_1_150000   77871  77919  (72081) + C-rich    Low_complexity      1     49    (0)  89  
  258   33.3  0.0  5.4  humanmhc3.fa_1_150000   78081  78248  (71752) + C-rich    Low_complexity      4    162    (0)  90  
  198   10.3  0.0  0.0  humanmhc3.fa_1_150000   79065  79093  (70907) + (CCA)n    Simple_repeat       1     29    (0)  91  
  193    7.5  2.4  2.4  humanmhc3.fa_1_150000   79314  79354  (70646) + (CCG)n    Simple_repeat       2     42    (0)  92  
  189   27.3  5.5  3.3  humanmhc3.fa_1_150000   82202  82292  (67708) C L2a       LINE/L2          (43)   3383   3291  93  
 2311    9.3  0.3  0.0  humanmhc3.fa_1_150000   82426  82716  (67284) + AluSq     SINE/Alu            1    292   (21)  94  
  215   31.6  7.0  4.0  humanmhc3.fa_1_150000   83438  83664  (66336) + L2        LINE/L2          2707   2940  (479)  95  
  524   22.3  0.0  0.0  humanmhc3.fa_1_150000   84010  84112  (65888) + MER5B     DNA/MER1_type       1    103   (75)  96  
 1408   18.0  2.3  7.2  humanmhc3.fa_1_150000   84121  84257  (65743) + AluJb     SINE/Alu           10    141  (171)  97  
 1919    5.7  0.4  0.4  humanmhc3.fa_1_150000   84258  84487  (65513) + AluY      SINE/Alu           74    303    (8)  98  
 2282   11.2  0.0  0.0  humanmhc3.fa_1_150000   84496  84799  (65201) + AluSx     SINE/Alu            1    304    (8)  99  
 1408   18.0  2.3  7.2  humanmhc3.fa_1_150000   84800  84958  (65042) + AluJb     SINE/Alu          150    300   (12)  97  
  446   14.1  3.8  1.3  humanmhc3.fa_1_150000   84959  85037  (64963) + MER5B     DNA/MER1_type      96    176    (2)  96  
 2436    8.2  0.0  0.0  humanmhc3.fa_1_150000   85451  85744  (64256) + AluY      SINE/Alu            1    294   (17) 100  
 2192   11.7  1.0  0.0  humanmhc3.fa_1_150000   85986  86294  (63706) C AluSq     SINE/Alu          (1)    312      1 101  
  757   13.7  0.8  0.0  humanmhc3.fa_1_150000   86295  86411  (63589) C AluJb     SINE/Alu          (5)    307    190 102  
 1809   15.5  0.9  4.9  humanmhc3.fa_1_150000   86421  86604  (63396) C AluSx     SINE/Alu          (0)    312    135 103  
 2293    8.0  0.0  3.5  humanmhc3.fa_1_150000   86605  86915  (63085) C AluY      SINE/Alu         (11)    300      1 104  
 2245   11.0  1.0  0.3  humanmhc3.fa_1_150000   86918  87228  (62772) C AluSq     SINE/Alu          (0)    313      1 105  
 1809   15.5  0.9  4.9  humanmhc3.fa_1_150000   87229  87365  (62635) C AluSx     SINE/Alu        (178)    134      1 103  
  390   16.5 15.3  0.0  humanmhc3.fa_1_150000   87729  87813  (62187) + L2a       LINE/L2          1224   1321 (2098) 106  
  725   26.3 12.1  3.3  humanmhc3.fa_1_150000   87896  88202  (61798) + L2a       LINE/L2          1481   1814 (1605) 106  
 2403    7.7  2.4  0.0  humanmhc3.fa_1_150000   88345  88641  (61359) C AluSx     SINE/Alu          (4)    308      5 107  
   35    5.4  0.0  0.0  humanmhc3.fa_1_150000   88716  88771  (61229) + AT_rich   Low_complexity      1     56    (0) 108  
  564   23.6  1.4  0.0  humanmhc3.fa_1_150000   88833  88972  (61028) + L2a       LINE/L2          1903   2044 (1375) 106  
  241   24.0  0.0  0.0  humanmhc3.fa_1_150000   88974  89023  (60977) + PABL_B    LTR/ERV1            1     50  (617) 109  
  887   19.9  2.1  6.6  humanmhc3.fa_1_150000   89440  89529  (60471) + PABL_B    LTR/ERV1          437    523  (144) 109  
 2480    8.7  0.0  0.0  humanmhc3.fa_1_150000   89530  89829  (60171) + AluSc     SINE/Alu            1    300    (9) 110  
  887   19.9  2.1  6.6  humanmhc3.fa_1_150000   89830  89980  (60020) + PABL_B    LTR/ERV1          524    667    (0) 109  
  437   15.6  0.0  1.3  humanmhc3.fa_1_150000   90004  90081  (59919) C MER20     DNA/MER1_type     (1)    218    142 111  
  589   23.0  4.1  4.1  humanmhc3.fa_1_150000   90114  90258  (59742) + MER20     DNA/MER1_type       1    145   (74) 112  
  645   16.3  0.0  7.4  humanmhc3.fa_1_150000   90266  90309  (59691) + L1PA17    LINE/L1          5789   5829  (345) 113  
 2448    9.2  0.0  0.0  humanmhc3.fa_1_150000   90310  90614  (59386) + AluSq     SINE/Alu            1    305    (8) 114  
  645   13.3  0.0  7.0  humanmhc3.fa_1_150000   90615  90700  (59300) + L1PA17    LINE/L1          5829   5908  (266) 113  
 1648   17.8  6.6  0.3  humanmhc3.fa_1_150000   90702  90989  (59011) + AluSx     SINE/Alu            1    306    (6) 115  
 2257    9.8  0.0  1.0  humanmhc3.fa_1_150000   90990  91288  (58712) + AluSx     SINE/Alu            1    297   (15) 116  
  531   25.6  0.0  2.1  humanmhc3.fa_1_150000   91291  91430  (58570) + L1PA17    LINE/L1          6030   6166    (0) 113  
 1794   17.8  2.7  0.0  humanmhc3.fa_1_150000   91454  91746  (58254) + AluJb     SINE/Alu            2    302   (10) 117  
  344   31.7  0.0  0.0  humanmhc3.fa_1_150000   91750  91869  (58131) + L2a       LINE/L2          2149   2268 (1151) 106 *
  878   31.5  2.7  0.8  humanmhc3.fa_1_150000   91859  92348  (57652) + L2a       LINE/L2          2677   3181  (245) 106  
 1715   18.3  0.0  0.4  humanmhc3.fa_1_150000   92352  92631  (57369) + AluJb     SINE/Alu            1    279   (33) 118  
  546   25.8  9.8  0.9  humanmhc3.fa_1_150000   92685  92899  (57101) + L2a       LINE/L2          3181   3414   (12) 106  
 2184   11.6  0.0  1.0  humanmhc3.fa_1_150000   92900  93204  (56796) + AluSg     SINE/Alu            1    302    (8) 119  
 2361    9.9  0.0  0.0  humanmhc3.fa_1_150000   93856  94159  (55841) C AluSc     SINE/Alu          (4)    305      2 120  
 1379   12.2  4.2  0.9  humanmhc3.fa_1_150000   94557  94771  (55229) C AluJo     SINE/Alu          (4)    308     87 121  
 2374    8.8  0.3  0.7  humanmhc3.fa_1_150000   95092  95390  (54610) C AluSq     SINE/Alu         (15)    298      1 122  
 2038   10.9  0.4  0.0  humanmhc3.fa_1_150000   96037  96303  (53697) C AluSx     SINE/Alu         (44)    268      1 123  
 1584   11.7  0.0  0.0  humanmhc3.fa_1_150000   96544  96756  (53244) C AluSg/x   SINE/Alu          (8)    304     92 124  
 1633    6.6  2.0  0.0  humanmhc3.fa_1_150000   96782  96977  (53023) C AluSx     SINE/Alu         (63)    249     50 125  
 2219   12.1  0.0  0.0  humanmhc3.fa_1_150000   96979  97284  (52716) + AluSx     SINE/Alu            6    311    (1) 126  
  859   12.2  0.8  1.5  humanmhc3.fa_1_150000   97677  97809  (52191) + FLAM_C    SINE/Alu            2    133    (0) 127  
  759   18.2  2.8  0.0  humanmhc3.fa_1_150000   97824  97966  (52034) + MER5A1    DNA/MER1_type      19    165    (1) 128  
 1770    8.3  0.0  0.9  humanmhc3.fa_1_150000   98266  98521  (51479) C AluY      SINE/Alu          (0)    311     51 129  
  188    8.6  2.9  0.0  humanmhc3.fa_1_150000   98522  98556  (51444) + (CCCCG)n  Simple_repeat       5     40    (0) 130  
  315    7.7  5.8  0.0  humanmhc3.fa_1_150000   98557  98608  (51392) C AluY      SINE/Alu        (244)     55      1 129  
 1839    9.4  0.4  0.8  humanmhc3.fa_1_150000   98610  98879  (51121) C AluSc     SINE/Alu          (0)    309     36 131  
 1821    6.2  9.1  0.0  humanmhc3.fa_1_150000   98884  99125  (50875) C AluSq     SINE/Alu         (49)    264      1 132  
 1686    8.1  0.0  3.1  humanmhc3.fa_1_150000   99131  99358  (50642) C AluSg/x   SINE/Alu          (0)    312     92 133  
 1857   18.3  0.0  0.3  humanmhc3.fa_1_150000  102980 103286  (46714) C AluJo     SINE/Alu          (3)    309      4 134  
  264   12.2 20.9  9.9  humanmhc3.fa_1_150000  104071 104091  (45909) C L1ME2z    LINE/L1           (7)   6437   6414 135  
 2219   11.2  0.0  0.3  humanmhc3.fa_1_150000  104092 104386  (45614) C AluSg     SINE/Alu         (16)    294      1 136  
  264   12.2 20.9  9.9  humanmhc3.fa_1_150000  104387 104455  (45545) C L1ME2z    LINE/L1          (31)   6413   6337 135  
  291   33.9  2.8 12.8  humanmhc3.fa_1_150000  104559 104738  (45262) C L2b       LINE/L2          (12)   3363   3201 137  
 2186    6.9  6.9  0.0  humanmhc3.fa_1_150000  104739 105015  (44985) + AluY      SINE/Alu            1    296   (15) 138  
  291   33.9  2.8 12.8  humanmhc3.fa_1_150000  105016 105155  (44845) C L2b       LINE/L2         (175)   3200   3075 137  
  221   28.7  9.2  3.5  humanmhc3.fa_1_150000  105511 105651  (44349) C L2b       LINE/L2         (833)   2586   2438 137  
 1976   10.7  2.2  1.4  humanmhc3.fa_1_150000  105666 105941  (44059) C AluSp     SINE/Alu         (33)    280      3 139  
  509   23.3 12.5  4.0  humanmhc3.fa_1_150000  105971 106122  (43878) C LTR33     LTR/ERVL        (348)    167      3 140  
 1971    8.2  0.4  0.0  humanmhc3.fa_1_150000  106179 106423  (43577) + AluY      SINE/Alu            1    246   (65) 141  
 2003   14.7  0.0  2.5  humanmhc3.fa_1_150000  106613 106927  (43073) C AluSx     SINE/Alu          (5)    307      1 142  
 2446    6.0  1.0  0.3  humanmhc3.fa_1_150000  107000 107298  (42702) C AluY      SINE/Alu         (10)    301      1 143  
 2353    8.5  0.7  0.0  humanmhc3.fa_1_150000  108150 108444  (41556) C AluSp     SINE/Alu         (16)    297      1 144  
 2494    8.4  0.0  0.0  humanmhc3.fa_1_150000  109115 109423  (40577) + AluSx     SINE/Alu            1    309    (3) 145  
   42    0.0  0.0  0.0  humanmhc3.fa_1_150000  109426 109467  (40533) + AT_rich   Low_complexity      1     42    (0) 146  
 2418    7.9  0.0  0.3  humanmhc3.fa_1_150000  109468 109771  (40229) + AluY      SINE/Alu            1    303    (8) 147  
 2152   11.4  0.0  1.0  humanmhc3.fa_1_150000  111253 111554  (38446) C AluSx     SINE/Alu         (13)    299      1 148  
   22    0.0  0.0  0.0  humanmhc3.fa_1_150000  114557 114578  (35422) + AT_rich   Low_complexity      1     22    (0) 149  
 2028    8.8  9.8  0.7  humanmhc3.fa_1_150000  115145 115420  (34580) C AluSg     SINE/Alu          (9)    301      1 150  
  284   21.0  2.4  1.2  humanmhc3.fa_1_150000  115944 116025  (33975) + MIRb      SINE/MIR          110    192   (76) 151  
  828   13.6  0.7  3.6  humanmhc3.fa_1_150000  116758 116894  (33106) C FLAM_C    SINE/Alu          (0)    133      1 152  
   31    0.0  0.0  0.0  humanmhc3.fa_1_150000  116895 116925  (33075) + AT_rich   Low_complexity      1     31    (0) 153  
  214   32.1  4.5  0.8  humanmhc3.fa_1_150000  120318 120449  (29551) + G-rich    Low_complexity      2    138    (0) 154  
 1372   20.1 12.6  4.0  humanmhc3.fa_1_150000  123643 124145  (25855) C L1ME3A    LINE/L1          (67)   6106   5538 155  
  396   30.2  6.8  8.1  humanmhc3.fa_1_150000  124302 124784  (25216) C L2c       LINE/L2           (0)   3426   2936 156  
  262   26.3  7.2  6.6  humanmhc3.fa_1_150000  124864 124928  (25072) C L2c       LINE/L2         (616)   2803   2738 156  
 1999   15.3  0.0  0.7  humanmhc3.fa_1_150000  124929 125231  (24769) + AluJo     SINE/Alu            1    301   (11) 157  
  262   26.3  7.2  6.6  humanmhc3.fa_1_150000  125232 125332  (24668) C L2c       LINE/L2         (682)   2737   2636 156  
  367   31.5  9.6  1.1  humanmhc3.fa_1_150000  125386 125645  (24355) C L2c       LINE/L2         (862)   2557   2276 156  
  301   13.3  0.0  0.0  humanmhc3.fa_1_150000  125678 125722  (24278) + MER5B     DNA/MER1_type      16     60  (118) 158  
  373   32.3  7.1  4.1  humanmhc3.fa_1_150000  125815 125834  (24166) C L2c       LINE/L2        (1307)   2112   2092 156  
 2335    9.6  0.3  0.3  humanmhc3.fa_1_150000  125835 126137  (23863) + AluSx     SINE/Alu            1    303    (9) 159  
  373   32.3  7.1  4.1  humanmhc3.fa_1_150000  126138 126410  (23590) C L2c       LINE/L2        (1328)   2091   1810 156  
 2269   10.4  0.0  2.9  humanmhc3.fa_1_150000  126421 126726  (23274) C AluSx     SINE/Alu         (15)    297      1 160  
  658   25.3 10.2  3.7  humanmhc3.fa_1_150000  126741 126918  (23082) C L1ME3     LINE/L1          (34)   6139   5949 161  
 2274   12.1  0.0  0.0  humanmhc3.fa_1_150000  126919 127225  (22775) C AluSc     SINE/Alu          (2)    307      1 162  
  658   25.3 10.2  3.7  humanmhc3.fa_1_150000  127226 127292  (22708) C L1ME3     LINE/L1         (225)   5948   5878 161  
 1020   21.2  7.8  1.4  humanmhc3.fa_1_150000  127334 127615  (22385) C L1ME3     LINE/L1         (262)   5900   5601 161  
 1866   16.0  0.3  0.3  humanmhc3.fa_1_150000  127844 128132  (21868) + AluJo     SINE/Alu            3    291   (21) 163  
 1223   13.5  2.9  4.3  humanmhc3.fa_1_150000  128144 128276  (21724) + AluSx     SINE/Alu            5    136  (176) 164  
 2285    8.6  0.3  0.3  humanmhc3.fa_1_150000  128277 128568  (21432) + AluY      SINE/Alu            1    292   (19) 165  
 1223   13.5  2.9  4.3  humanmhc3.fa_1_150000  128569 128643  (21357) + AluSx     SINE/Alu          137    210  (102) 164  
 2259    9.6  1.6  0.0  humanmhc3.fa_1_150000  128763 129065  (20935) C AluSq     SINE/Alu          (5)    308      1 166  
 1890   16.3  1.0  0.7  humanmhc3.fa_1_150000  129112 129419  (20581) C AluJb     SINE/Alu          (3)    309      1 167  
 2190   12.6  0.0  0.0  humanmhc3.fa_1_150000  129461 129761  (20239) + AluSx     SINE/Alu            1    301   (11) 168  
  225    0.0  0.0  0.0  humanmhc3.fa_1_150000  129895 129919  (20081) + (T)n      Simple_repeat       1     25    (0) 169  
  251   20.4  3.7  0.0  humanmhc3.fa_1_150000  130057 130110  (19890) C L1ME3     LINE/L1        (1378)   4768   4713 161  
  576   18.4  2.5  6.6  humanmhc3.fa_1_150000  130204 130325  (19675) + FLAM_A    SINE/Alu            1    117   (16) 170  
 2163   11.4  0.7  0.0  humanmhc3.fa_1_150000  130341 130630  (19370) + AluSx     SINE/Alu            7    298   (14) 171  
  280   32.5 10.9  5.8  humanmhc3.fa_1_150000  130734 131086  (18914) C L2b       LINE/L2           (4)   3422   3000 172  
 2283    9.3  0.3  0.0  humanmhc3.fa_1_150000  131087 131409  (18591) + AluSp     SINE/Alu            1    313    (0) 173  
  280   33.8  9.5  7.3  humanmhc3.fa_1_150000  131410 131488  (18512) C L2b       LINE/L2         (376)   2999   2918 172  
 2074   12.9  0.0  1.9  humanmhc3.fa_1_150000  135741 136057  (13943) C AluJb     SINE/Alu          (1)    311      1 174  
 1363   12.3  0.0  0.0  humanmhc3.fa_1_150000  137144 137330  (12670) C AluSq     SINE/Alu          (0)    313    127 175  
 1001   18.7  0.5  0.5  humanmhc3.fa_1_150000  137566 137753  (12247) + MER5A     DNA/MER1_type       1    188    (1) 176  
 2176   11.9  1.4  0.0  humanmhc3.fa_1_150000  138091 138383  (11617) + AluSq     SINE/Alu            1    297   (16) 177  
 2555    6.0  0.3  0.0  humanmhc3.fa_1_150000  138455 138754  (11246) + AluSp     SINE/Alu            1    301   (12) 178  
  794   21.9  4.8  1.0  humanmhc3.fa_1_150000  140127 140333   (9667) + MIR       SINE/MIR           28    242   (20) 179  
  219   11.4  4.3  4.3  humanmhc3.fa_1_150000  141903 141948   (8052) + (CCCCAG)n Simple_repeat       1     46    (0) 180  
   24    7.7  0.0  0.0  humanmhc3.fa_1_150000  142198 142249   (7751) + GC_rich   Low_complexity      1     52    (0) 181  
  308   30.0  6.0  0.0  humanmhc3.fa_1_150000  145515 145664   (4336) C L2b       LINE/L2         (204)   3171   3013 182  
 1740   12.1  1.3  6.9  humanmhc3.fa_1_150000  145910 146212   (3788) + AluJo     SINE/Alu           11    296   (16) 183  
  649   31.9  0.5  0.5  humanmhc3.fa_1_150000  147271 147465   (2535) C MER91A    DNA/Tip100        (0)    196      2 184  
  807   22.2  4.3  1.0  humanmhc3.fa_1_150000  149142 149350    (650) + MIR       SINE/MIR            1    216   (46) 185  
 2567    7.4  0.0  0.0  humanmhc3.fa_1_150000  149352 149662    (338) + AluY      SINE/Alu            1    311    (0) 186  
  581   28.3  7.5  4.8  littlepiece3               41    363    (435) C L2a       LINE/L2         (132)   3294   2938 187  
 2083   10.8  2.7  0.0  littlepiece3              364    659    (139) + AluY      SINE/Alu            5    308    (3) 188  
  581   27.6  5.9  4.4  littlepiece3              660    790      (8) C L2a       LINE/L2         (482)   2937   2805 187  
