cross_match -minmatch 10 -minscore 250 -matrix /usr/local/RepeatModeler/Matrices/wublast/nt/comparison.matrix -gap_init -25 -gap_ext -6 query.fa subj.fa -masklevel 101 
cross_match version 0.990329

Run date:time  050407:130255
Query file(s):  query.fa
Subject file(s):   subj.fa
Presumed sequence type: DNA

Pairwise comparison algorithm: banded Smith-Waterman

Score matrix /usr/local/RepeatModeler/Matrices/wublast/nt/comparison.matrix
    A   R   G   C   Y   T   K   M   S   W   N
A   9   1  -6 -15 -16 -17 -12  -2 -10  -4  -1
R   1   1   1 -15 -15 -16  -6  -6  -6  -7  -1
G  -6   1  10 -15 -15 -15  -2 -10  -2 -10  -1
C -15 -15 -15  10   2  -6  -9  -2  -2  -9  -1
Y -16 -15 -15   1   1   1  -6  -7  -7  -7  -1
T -17 -16 -15  -6   1   9  -2 -12 -11  -4  -1
K -12  -6  -2 -11  -6  -2  -2 -11  -7  -7  -1
M  -2  -6 -10  -2  -7 -12 -11  -2  -7  -7  -1
S -10  -6  -2  -2  -7 -11  -7  -7  -2 -10  -1
W  -4  -7 -10 -11  -7  -4  -7  -7 -10  -4  -1
N  -1  -1  -1  -1  -1  -1  -1  -1  -1  -1  -1

Gap penalties: gap_init: -25, gap_ext: -6, ins_gap_ext: -6, del_gap_ext: -6, 
Using complexity-adjusted scores. Assumed background frequencies:
 A: 0.250  R: 0.000  G: 0.250  C: 0.250  Y: 0.000  T: 0.250  K: 0.000  M: 0.000  S: 0.000  W: 0.000  N: 0.000  

minmatch: 10, maxmatch: 10, max_group_size: 20, minscore: 250, bandwidth: 14, indexwordsize: 10
vector_bound: 0
word_raw: 0
masklevel: 101

Sequence file: query.fa    1 entries
Residue counts:
  A      892
  C      661
  G      580
  T      471
Total   2604

NO QUALITY FILE query.fa.qual WAS FOUND. REMAINING INPUT QUALITIES SET TO 15.
Maximal single base matches (low complexity regions):

9105  0.00 0.00 0.00  query        1  1000 (1604)    seqleft        1  1000 (0)  
1819  0.00 0.00 0.00  query      907  1103 (1501)    inbetween        1   197 (0) *
14859  0.00 0.00 0.00  query     1005  2604 (0)    seqright        1  1600 (0)  
4334  4.70 0.36 1.81  query     1005  1557 (1047)    seqright      208   752 (848) *
2432  7.25 0.58 2.90  query     1005  1349 (1255)    seqright      416   752 (848) *
 647 13.14 0.73 7.30  query     1005  1141 (1463)    seqright      625   752 (848) *
4371  4.77 1.83 0.37  query     1212  1756 (848)    seqright        1   553 (1047) *
 820  2.00 0.00 1.00  query     1212  1311 (1293)    inbetween       99   197 (0) *
2459  7.42 2.97 0.59  query     1420  1756 (848)    seqright        1   345 (1255) *
 844  1.00 0.00 1.00  query     1420  1519 (1085)    inbetween       99   197 (0) *
 666 14.06 7.81 0.78  query     1629  1756 (848)    seqright        1   137 (1463) *
 422 11.36 11.36 1.14  query     1629  1716 (888)    inbetween       99   195 (2) *

1 matching entries (first file).

Discrepancy summary:
Qual algn  cum    rcum    (%)    unalgn X    N  sub del ins  total (%)   cum  rcum (%)

